app/build/outputs/logs/manifest-merger-debug-report.txt
-- Merging decision tree log ---
manifest
ADDED from src\main\AndroidManifest.xml:1:1-35:12
	xmlns:tools
		ADDED from src\main\AndroidManifest.xml:2:5-51
	xmlns:android
		ADDED from src\main\AndroidManifest.xml:1:11-69
	package
		ADDED from src\main\AndroidManifest.xml:3:5-35
		INJECTED from src\main\AndroidManifest.xml
		INJECTED from src\main\AndroidManifest.xml
	android:versionName
		ADDED from src\main\AndroidManifest.xml:5:5-30
		INJECTED from src\main\AndroidManifest.xml
		INJECTED from src\main\AndroidManifest.xml
	android:versionCode
		ADDED from src\main\AndroidManifest.xml:4:5-28
		INJECTED from src\main\AndroidManifest.xml
		INJECTED from src\main\AndroidManifest.xml
uses-sdk
ADDED from src\main\AndroidManifest.xml:7:5-8:56
MERGED from [net.hockeyapp.android:HockeySDK:3.7.0] AndroidManifest.xml:8:5-10:41
	android:targetSdkVersion
		ADDED from src\main\AndroidManifest.xml:7:15-44
		INJECTED from src\main\AndroidManifest.xml
		INJECTED from src\main\AndroidManifest.xml
	android:minSdkVersion
		ADDED from src\main\AndroidManifest.xml:7:45-70
		INJECTED from src\main\AndroidManifest.xml
		INJECTED from src\main\AndroidManifest.xml
	tools:overrideLibrary
		ADDED from src\main\AndroidManifest.xml:8:9-54
uses-permission#android.permission.INTERNET
ADDED from src\main\AndroidManifest.xml:10:5-67
MERGED from [net.hockeyapp.android:HockeySDK:3.7.0] AndroidManifest.xml:13:5-67
	android:name
		ADDED from src\main\AndroidManifest.xml:10:22-64
application
ADDED from src\main\AndroidManifest.xml:17:5-33:19
MERGED from [net.hockeyapp.android:HockeySDK:3.7.0] AndroidManifest.xml:16:5-22:19
	tools:ignore
		ADDED from [net.hockeyapp.android:HockeySDK:3.7.0] AndroidManifest.xml:16:18-44
meta-data#net.hockeyapp.android.appIdentifier
ADDED from src\main\AndroidManifest.xml:19:4-117
	android:name
		ADDED from src\main\AndroidManifest.xml:19:15-65
	android:value
		ADDED from src\main\AndroidManifest.xml:19:66-114
activity#com.example.a1mobile.ToDoActivity
ADDED from src\main\AndroidManifest.xml:26:9-32:20
	android:label
		ADDED from src\main\AndroidManifest.xml:27:13-45
	android:name
		ADDED from src\main\AndroidManifest.xml:26:19-46
intent-filter#android.intent.action.MAIN+android.intent.category.LAUNCHER
ADDED from src\main\AndroidManifest.xml:28:13-31:29
action#android.intent.action.MAIN
ADDED from src\main\AndroidManifest.xml:29:17-69
	android:name
		ADDED from src\main\AndroidManifest.xml:29:25-66
category#android.intent.category.LAUNCHER
ADDED from src\main\AndroidManifest.xml:30:17-77
	android:name
		ADDED from src\main\AndroidManifest.xml:30:27-74
uses-permission#android.permission.ACCESS_NETWORK_STATE
ADDED from [net.hockeyapp.android:HockeySDK:3.7.0] AndroidManifest.xml:12:5-79
	android:name
		ADDED from [net.hockeyapp.android:HockeySDK:3.7.0] AndroidManifest.xml:12:22-76
uses-permission#android.permission.WRITE_EXTERNAL_STORAGE
ADDED from [net.hockeyapp.android:HockeySDK:3.7.0] AndroidManifest.xml:14:5-81
	android:name
		ADDED from [net.hockeyapp.android:HockeySDK:3.7.0] AndroidManifest.xml:14:22-78
activity#net.hockeyapp.android.UpdateActivity
ADDED from [net.hockeyapp.android:HockeySDK:3.7.0] AndroidManifest.xml:17:9-73
	android:name
		ADDED from [net.hockeyapp.android:HockeySDK:3.7.0] AndroidManifest.xml:17:19-70
activity#net.hockeyapp.android.FeedbackActivity
ADDED from [net.hockeyapp.android:HockeySDK:3.7.0] AndroidManifest.xml:18:9-75
	android:name
		ADDED from [net.hockeyapp.android:HockeySDK:3.7.0] AndroidManifest.xml:18:19-72
activity#net.hockeyapp.android.PaintActivity
ADDED from [net.hockeyapp.android:HockeySDK:3.7.0] AndroidManifest.xml:19:9-72
	android:name
		ADDED from [net.hockeyapp.android:HockeySDK:3.7.0] AndroidManifest.xml:19:19-69
activity#net.hockeyapp.android.LoginActivity
ADDED from [net.hockeyapp.android:HockeySDK:3.7.0] AndroidManifest.xml:20:9-72
	android:name
		ADDED from [net.hockeyapp.android:HockeySDK:3.7.0] AndroidManifest.xml:20:19-69
activity#net.hockeyapp.android.ExpiryInfoActivity
ADDED from [net.hockeyapp.android:HockeySDK:3.7.0] AndroidManifest.xml:21:9-77
	android:name
		ADDED from [net.hockeyapp.android:HockeySDK:3.7.0] AndroidManifest.xml:21:19-74